

Microchip MPLAB XC8 Assembler V2.32 build 20210201212658 
                                                                                                           Mon May 03 19:39:31 2021


     1                           	processor	16F877A
     2                           	pagewidth 132
     3                           	psect	udata_shr,global,class=COMMON,space=1,delta=1,noexec
     4                           	psect	udata,global,class=RAM,space=1,delta=1,noexec
     5                           	psect	udata_bank0,global,class=BANK0,space=1,delta=1,noexec
     6                           	psect	udata_bank1,global,class=BANK1,space=1,delta=1,noexec
     7                           	psect	udata_bank2,global,class=BANK2,space=1,delta=1,noexec
     8                           	psect	udata_bank3,global,class=BANK3,space=1,delta=1,noexec
     9                           	psect	code,global,class=CODE,delta=2
    10                           	psect	data,global,class=STRCODE,delta=2,noexec
    11                           	psect	edata,global,class=EEDATA,space=3,delta=2,noexec
    12                           	psect	config,global,abs,ovrld,class=CONFIG,space=4,delta=2,noexec
    13                           	psect	pa_nodes0,global,class=CODE,delta=2
    14  018D                     
    15                           	psect	edata
    16  0000                     stk_offset	set	0
    17  0000                     auto_size	set	0
    18                           
    19                           ; stack_auto defines a symbol /name/_offset which equates to the
    20                           ; stack offset of the auto object in question
    21  0000'                    
    22                           ; stack_param defines a symbol /name/_offset which equates to the
    23                           ; stack offset of the parameter object in question
    24  0000'                    
    25                           ; alloc_stack adjusts the SP to allocate space for auto objects
    26                           ; it also links in to the btemp symbol so that can be used
    27  0000'                    
    28                           ; restore_stack adjusts the SP to remove all auto and parameter
    29                           ; objects from the stack prior to returning from a function
    30  0000'                    	; Flash Program Memory Write Enable bits (Write protection off; all program memory may be written t
      +                          o by EECON control)
    31                           
    32                           ; Similar to Macro Definition in C-Programming
    33                           ; CONFIG
    34  0006                     	;Address of PortB
    35  0007                     	;Address of Portc
    36  0086                     	;Address of PortB Config Reg
    37  0003                     	;Address of Status Register
    38  0000'                    	org	0	;Starting adress of program coutner user defined
    39  0000'                    MAIN:
    40                           
    41                           ;Selecting reg Bank-0 <rp1(0) rp0(0)>
    42  0000' 1303               	bcf	3,6	;Clear the 6th bit of status reg.
    43  0001' 1283               	bcf	3,5	;Clear the 5th bit of status reg.
    44  0002' 3000               	movlw	0	; ;Move 0x00 (clear) to Working reg.
    45  0003' 0086               	movwf	6	;Clear PORTB before making it as OUPUT.
    46                           
    47                           ;Selecting reg Bank-1 <rp1(0) rp0(1)>
    48  0004' 1303               	bcf	3,6
    49  0005' 1683               	bsf	3,5
    50  0006' 3000               	movlw	0
    51  0007' 0087               	movwf	135	;Config PORTC as OUTPUT.
    52  0008'                    MAINLOOP:
    53  0008' 1006               	bcf	6,0
    54  0009' 2000'              	call	DELAY3
    55  000A' 1406               	bsf	6,0
    56  000B' 2000'              	call	DELAY3
    57  000C' 2800'              	goto	MAINLOOP
    58  000D'                    DELAY3:
    59  000D' 0BA0               	decfsz	32,f
    60  000E' 2800'              	goto	DELAY3
    61  000F' 0BA1               	decfsz	33,f
    62  0010' 2800'              	goto	DELAY3
    63  0011' 0008               	return
    64                           
    65                           	psect	config
    66                           
    67                           ;Config register CONFIG @ 0x2007
    68                           ;	Oscillator Selection bits
    69                           ;	FOSC = HS, HS oscillator
    70                           ;	Watchdog Timer Enable bit
    71                           ;	WDTE = OFF, WDT disabled
    72                           ;	Power-up Timer Enable bit
    73                           ;	PWRTE = OFF, PWRT disabled
    74                           ;	Brown-out Reset Enable bit
    75                           ;	BOREN = OFF, BOR disabled
    76                           ;	Low-Voltage (Single-Supply) In-Circuit Serial Programming Enable bit
    77                           ;	LVP = OFF, RB3 is digital I/O, HV on MCLR must be used for programming
    78                           ;	Data EEPROM Memory Code Protection bit
    79                           ;	CPD = OFF, Data EEPROM code protection off
    80                           ;	Flash Program Memory Write Enable bits
    81                           ;	WRT = OFF, Write protection off; all program memory may be written to by EECON control
    82                           ;	In-Circuit Debugger Mode bit
    83                           ;	DEBUG = 0x1, unprogrammed default
    84                           ;	Flash Program Memory Code Protection bit
    85                           ;	CP = OFF, Code protection off
    86  2007                     	org	8199
    87  2007  3F3A               	dw	16186


Microchip Technology PIC Macro Assembler V2.32 build 20210201212658 
Symbol Table                                                                                               Mon May 03 19:39:31 2021

                         MAIN 0000                          PORTB 0006                          TRISC 0087  
                       DELAY3 000D                         COUNT1 0020                         COUNT2 0021  
                       STATUS 0003                       MAINLOOP 0008  
